<?xml version="1.0" encoding="UTF-8"?>
<!-- Generated by org.testng.reporters.JUnitXMLReporter -->
<testsuite hostname="Sachins-MacBook-Pro.local" ignored="0" name="Amazon Search" tests="17" failures="0" timestamp="28 Jan 2017 15:43:15 GMT" time="332.052" errors="0">
  <testcase name="search" time="22.252" classname="SearchItems.SearchItemsByExcel"/>
  <testcase name="searchUsingDB" time="13.499" classname="SearchItems.SearchItemsByDatabase"/>
  <testcase name="testingSearchBarWithDB" time="11.529" classname="SearchItems.SearchItemsByDatabase"/>
  <testcase name="searchUsingDataProvider" time="7.554" classname="SearchItems.SearchItemsByDataProvider"/>
  <testcase name="searchUsingDataProvider" time="5.604" classname="SearchItems.SearchItemsByDataProvider"/>
  <testcase name="searchUsingDataProvider" time="6.097" classname="SearchItems.SearchItemsByDataProvider"/>
  <testcase name="dropDownMenu" time="125.837" classname="SearchItems.DropDownMenuSearch"/>
  <testcase name="LogIn" time="3.426" classname="LogIn.LogInPage"/>
  <testcase name="TestCoupon" time="4.317" classname="UITabs.Tabs"/>
  <testcase name="TestWatchedDeals" time="5.837" classname="UITabs.Tabs"/>
  <testcase name="Testdeals" time="7.584" classname="UITabs.Tabs"/>
  <testcase name="MouseHover" time="9.861" classname="SearchItems.MouseHover"/>
  <testcase name="TestCart" time="12.284" classname="CheckCart.CheckCart"/>
  <testcase name="testLoginCorrectCredentials" time="5.492" classname="LogIn.LogInEnv"/>
  <testcase name="testLoginIncorrectCredentials" time="2.977" classname="LogIn.LogInEnv"/>
  <testcase name="testLoginBlankPassword" time="12.559" classname="LogIn.LogInEnv"/>
  <testcase name="testLoginIncorrectPassword" time="3.209" classname="LogIn.LogInEnv"/>
</testsuite> <!-- Amazon Search -->
