<?xml version="1.0" encoding="UTF-8"?>
<testng-results skipped="0" failed="0" ignored="0" total="1" passed="1">
  <reporter-output>
  </reporter-output>
  <suite name="Amazon E-Commerce" duration-ms="21233" started-at="2017-01-28T14:05:46Z" finished-at="2017-01-28T14:06:07Z">
    <groups>
    </groups>
    <test name="Amazon Search" duration-ms="21233" started-at="2017-01-28T14:05:46Z" finished-at="2017-01-28T14:06:07Z">
      <class name="SearchItems.MouseHover">
        <test-method status="PASS" signature="setUp(boolean, java.lang.String, java.lang.String, java.lang.String, java.lang.String, java.lang.String, java.lang.String)[pri:0, instance:SearchItems.MouseHover@3d24753a]" name="setUp" is-config="true" duration-ms="7210" started-at="2017-01-28T09:05:46Z" finished-at="2017-01-28T09:05:53Z">
          <params>
            <param index="0">
              <value>
                <![CDATA[false]]>
              </value>
            </param>
            <param index="1">
              <value>
                <![CDATA[sachin_0320]]>
              </value>
            </param>
            <param index="2">
              <value>
                <![CDATA[b2a3a3ad-20ab-4ad2-afc1-9012939d2931]]>
              </value>
            </param>
            <param index="3">
              <value>
                <![CDATA[Mac]]>
              </value>
            </param>
            <param index="4">
              <value>
                <![CDATA[chrome]]>
              </value>
            </param>
            <param index="5">
              <value>
                <![CDATA[49.0]]>
              </value>
            </param>
            <param index="6">
              <value>
                <![CDATA[http://www.amazon.com]]>
              </value>
            </param>
          </params>
          <reporter-output>
          </reporter-output>
        </test-method> <!-- setUp -->
        <test-method status="PASS" signature="MouseHover()[pri:0, instance:SearchItems.MouseHover@3d24753a]" name="MouseHover" duration-ms="13794" started-at="2017-01-28T09:05:53Z" finished-at="2017-01-28T09:06:07Z">
          <reporter-output>
          </reporter-output>
        </test-method> <!-- MouseHover -->
        <test-method status="PASS" signature="tearDown()[pri:0, instance:SearchItems.MouseHover@3d24753a]" name="tearDown" is-config="true" duration-ms="194" started-at="2017-01-28T09:06:07Z" finished-at="2017-01-28T09:06:07Z">
          <reporter-output>
          </reporter-output>
        </test-method> <!-- tearDown -->
      </class> <!-- SearchItems.MouseHover -->
    </test> <!-- Amazon Search -->
  </suite> <!-- Amazon E-Commerce -->
</testng-results>
